make all --print-data-base --no-builtin-variables --no-builtin-rules --question
# GNU Make 3.81
# Copyright (C) 2006  Free Software Foundation, Inc.
# This is free software; see the source for copying conditions.
# There is NO warranty; not even for MERCHANTABILITY or FITNESS FOR A
# PARTICULAR PURPOSE.

# This program built for i386-apple-darwin11.3.0
 

# Make data base, printed on Tue Jun  6 20:59:26 2023

# Variables

# automatic
<D = $(patsubst %/,%,$(dir $<))
# automatic
?F = $(notdir $?)
# environment
VSCODE_CRASH_REPORTER_PROCESS_TYPE = extensionHost
# environment
NODENV_SHELL = zsh
# makefile (from `Makefile', line 4)
INCLUDES = -I ./includes
# automatic
@D = $(patsubst %/,%,$(dir $@))
# automatic
@F = $(notdir $@)
# makefile
CURDIR := /Users/akihito/42tokyo/42cursus/level5/webserv/yamagis_webserv
# makefile
SHELL = /bin/sh
# environment
VSCODE_NLS_CONFIG = {"locale":"ja","osLocale":"ja","availableLanguages":{"*":"ja"},"_languagePackId":"6bbfdee0229b339c98e939b8586ecc64.ja","_translationsConfigFile":"/Users/akihito/Library/Application Support/Code/clp/6bbfdee0229b339c98e939b8586ecc64.ja/tcf.json","_cacheRoot":"/Users/akihito/Library/Application Support/Code/clp/6bbfdee0229b339c98e939b8586ecc64.ja","_resolvedLanguagePackCoreLocation":"/Users/akihito/Library/Application Support/Code/clp/6bbfdee0229b339c98e939b8586ecc64.ja/704ed70d4fd1c6bd6342c436f1ede30d1cff4710","_corruptedFile":"/Users/akihito/Library/Application Support/Code/clp/6bbfdee0229b339c98e939b8586ecc64.ja/corrupted.info","_languagePackSupport":true}
# environment
_ = /usr/bin/make
# automatic
?D = $(patsubst %/,%,$(dir $?))
# makefile (from `Makefile', line 1)
MAKEFILE_LIST :=  Makefile
# makefile (from `Makefile', line 2)
CXXFLAGS = -Wall -Wextra -Werror -std=c++98 -MMD -MP -pedantic -fsanitize=address
# environment
__CFBundleIdentifier = com.microsoft.VSCode
# environment
VSCODE_CWD = /
# environment
PATH = /Users/akihito/.nodenv/shims:/Users/akihito/.nodenv/bin:/usr/local/opt/mysql@5.7/bin:/Users/akihito/.nodebrew/current/bin:/Users/akihito/.nodenv/shims:/Users/akihito/.pyenv/shims:/Users/akihito/.pyenv/bin:/Users/akihito/Library/Python/3.9/bin:/Library/Frameworks/Python.framework/Versions/3.10/bin:/usr/local/bin:/usr/bin:/bin:/usr/sbin:/sbin:/opt/X11/bin:/Library/Apple/usr/bin:/Applications/Postgres.app/Contents/Versions/latest/bin
# environment
LaunchInstanceID = 40DE0A44-EC41-4081-BC0A-A3BA6093297C
# environment
ELECTRON_RUN_AS_NODE = 1
# environment
PYENV_ROOT = /Users/akihito/.pyenv
# default
.FEATURES := target-specific order-only second-expansion else-if archives jobserver check-symlink
# environment
SSH_AUTH_SOCK = /private/tmp/com.apple.launchd.Q0Tj1OJQcG/Listeners
# makefile (from `Makefile', line 6)
SRCDIR = srcs
# automatic
%F = $(notdir $%)
# environment
DISPLAY = /private/tmp/com.apple.launchd.CPf5Hypyie/org.xquartz:0
# makefile (from `Makefile', line 10)
OBJS = $(SRCS:$(SRCDIR)/%.cpp=$(OBJDIR)/%.o)
# environment
PWD = /Users/akihito/42tokyo/42cursus/level5/webserv/yamagis_webserv
# environment
ORIGINAL_XDG_CURRENT_DESKTOP = undefined
# environment
VSCODE_AMD_ENTRYPOINT = vs/workbench/api/node/extensionHostProcess
# environment
PYENV_SHELL = zsh
# environment
HOME = /Users/akihito
# default
MAKEFILEPATH := /Applications/Xcode.app/Contents/Developer/Makefiles
# environment
VSCODE_CODE_CACHE_PATH = /Users/akihito/Library/Application Support/Code/CachedData/704ed70d4fd1c6bd6342c436f1ede30d1cff4710
# environment
LOGNAME = akihito
# environment
APPLICATION_INSIGHTS_NO_DIAGNOSTIC_CHANNEL = 1
# environment
VSCODE_HANDLES_UNCAUGHT_ERRORS = true
# automatic
^D = $(patsubst %/,%,$(dir $^))
# environment
XPC_FLAGS = 0x0
# default
MAKE = $(MAKE_COMMAND)
# default
MAKECMDGOALS := all
# makefile (from `Makefile', line 9)
SRCS = $(shell find $(SRCDIR) -type f -name "*.cpp")
# environment
SHLVL = 1
# environment
VSCODE_CRASH_REPORTER_SANDBOXED_HINT = 1
# default
MAKE_VERSION := 3.81
# environment
USER = akihito
# makefile
.DEFAULT_GOAL := webserv
# makefile (from `Makefile', line 12)
NAME = webserv
# automatic
%D = $(patsubst %/,%,$(dir $%))
# default
MAKE_COMMAND := /Applications/Xcode.app/Contents/Developer/usr/bin/make
# default
.VARIABLES := 
# environment
TMPDIR = /var/folders/_y/r11bfc851697zjcp5yfmbl4w0000gn/T/
# automatic
*F = $(notdir $*)
# environment
VSCODE_IPC_HOOK = /Users/akihito/Library/Application Support/Code/1.77-main.sock
# environment
MallocNanoZone = 0
# makefile
MAKEFLAGS = Rrqp
# environment
MFLAGS = -Rrqp
# automatic
*D = $(patsubst %/,%,$(dir $*))
# environment
XPC_SERVICE_NAME = application.com.microsoft.VSCode.58453571.58453577
# automatic
+D = $(patsubst %/,%,$(dir $+))
# environment
VSCODE_L10N_BUNDLE_LOCATION = file:///Users/akihito/.vscode/extensions/ms-ceintl.vscode-language-pack-ja-1.77.2023041209/translations/extensions/vscode.json-language-features.i18n.json
# automatic
+F = $(notdir $+)
# environment
__CF_USER_TEXT_ENCODING = 0x1F5:0x1:0xE
# environment
COMMAND_MODE = unix2003
# default
MAKEFILES := 
# automatic
<F = $(notdir $<)
# makefile (from `Makefile', line 7)
OBJDIR = objs
# makefile (from `Makefile', line 1)
CXX = c++
# environment
LC_ALL = C
# environment
SECURITYSESSIONID = 186a4
# automatic
^F = $(notdir $^)
# default
SUFFIXES := 
# default
.INCLUDE_DIRS = /usr/local/include
# environment
MAKELEVEL := 0
# environment
LANG = C
# environment
VSCODE_PID = 492
# variable set hash-table stats:
# Load=75/1024=7%, Rehash=0, Collisions=6/117=5%

# Pattern-specific Variable Values

# No pattern-specific variable values.

# Directories

# srcs/IOMultiplexing (device 16777220, inode 58871683): 4 files, no impossibilities so far.
# . (device 16777220, inode 58871560): 12 files, no impossibilities.
# srcs/Response (device 16777220, inode 58871697): 4 files, no impossibilities so far.
# srcs/config (device 16777220, inode 58871700): 5 files, no impossibilities so far.
# srcs/utils (device 16777220, inode 58871705): 3 files, no impossibilities so far.
# srcs/CGI (device 16777220, inode 58871680): 4 files, no impossibilities so far.
# srcs/Method (device 16777220, inode 58871688): 7 files, no impossibilities so far.
# srcs/Request (device 16777220, inode 58871694): 4 files, no impossibilities so far.
# srcs/MessageManagement (device 16777220, inode 58871686): 4 files, no impossibilities so far.
# srcs (device 16777220, inode 58871679): 10 files, no impossibilities so far.

# 57 files, no impossibilities in 10 directories.

# Implicit Rules

objs/%.o: srcs/%.cpp
#  commands to execute (from `Makefile', line 31):
	$(CXX) $(CXXFLAGS) $(INCLUDES) -o $@ -c $<
	

# 1 implicit rules, 0 (0.0%) terminal.

# Files

# Not a target:
srcs/IOMultiplexing/IOM_utils.cpp:
#  Implicit rule search has been done.
#  Last modified 2023-05-30 21:56:20
#  File has been updated.
#  Successfully updated.
# variable set hash-table stats:
# Load=0/32=0%, Rehash=0, Collisions=0/0=0%

objs/Method/DELETE.o: srcs/Method/DELETE.cpp
#  Implicit rule search has been done.
#  Implicit/static pattern stem: `Method/DELETE'
#  Last modified 2023-06-05 21:54:59
#  File has been updated.
#  Successfully updated.
# variable set hash-table stats:
# Load=0/32=0%, Rehash=0, Collisions=0/0=0%
#  commands to execute (from `Makefile', line 31):
	$(CXX) $(CXXFLAGS) $(INCLUDES) -o $@ -c $<
	

objs/Method/POST.o: srcs/Method/POST.cpp
#  Implicit rule search has been done.
#  Implicit/static pattern stem: `Method/POST'
#  Last modified 2023-06-05 21:55:01
#  File has been updated.
#  Successfully updated.
# variable set hash-table stats:
# Load=0/32=0%, Rehash=0, Collisions=0/0=0%
#  commands to execute (from `Makefile', line 31):
	$(CXX) $(CXXFLAGS) $(INCLUDES) -o $@ -c $<
	

 
# Not a target:
srcs/utils/utils.cpp:
#  Implicit rule search has been done.
#  Last modified 2023-05-30 21:56:20
#  File has been updated.
#  Successfully updated.
# variable set hash-table stats:
# Load=0/32=0%, Rehash=0, Collisions=0/0=0%

objs/main.o: srcs/main.cpp
#  Implicit rule search has been done.
#  Implicit/static pattern stem: `main'
#  Last modified 2023-06-05 21:54:58
#  File has been updated.
#  Successfully updated.
# variable set hash-table stats:
# Load=0/32=0%, Rehash=0, Collisions=0/0=0%
#  commands to execute (from `Makefile', line 31):
	$(CXX) $(CXXFLAGS) $(INCLUDES) -o $@ -c $<
	

objs/config/Config.o: srcs/config/Config.cpp
#  Implicit rule search has been done.
#  Implicit/static pattern stem: `config/Config'
#  Last modified 2023-06-05 21:54:47
#  File has been updated.
#  Successfully updated.
# variable set hash-table stats:
# Load=0/32=0%, Rehash=0, Collisions=0/0=0%
#  commands to execute (from `Makefile', line 31):
	$(CXX) $(CXXFLAGS) $(INCLUDES) -o $@ -c $<
	

all: webserv
#  Phony target (prerequisite of .PHONY).
#  Command-line target.
#  Implicit rule search has not been done.
#  File does not exist.
#  File has been updated.
#  Needs to be updated (-q is set).
# variable set hash-table stats:
# Load=0/32=0%, Rehash=0, Collisions=0/5=0%

webserv: objs objs/Response/response_utils.o objs/Response/Response.o objs/config/Location.o objs/config/Config.o objs/config/Server.o objs/utils/utils.o objs/CGI/CGI.o objs/CGI/cgi_utils.o objs/MessageManagement/mm_utils.o objs/MessageManagement/MessageManagement.o objs/IOMultiplexing/IOM_utils.o objs/IOMultiplexing/IOMultiplexing.o objs/Request/request_utils.o objs/Request/Request.o objs/main.o objs/Method/DELETE.o objs/Method/Method.o objs/Method/POST.o objs/Method/GET.o objs/Method/method_utils.o objs/Method/ErrorRequset.o
#  Implicit rule search has not been done.
#  Last modified 2023-06-05 21:55:03
#  File has been updated.
#  Needs to be updated (-q is set).
# variable set hash-table stats:
# Load=0/32=0%, Rehash=0, Collisions=0/5=0%
#  commands to execute (from `Makefile', line 15):
	$(CXX) $(CXXFLAGS) $(INCLUDES) $(OBJS) -o $(NAME)
	

.PHONY: all clean fclean re test cgi
#  Implicit rule search has not been done.
#  Modification time never checked.
#  File has not been updated.

objs/Response/response_utils.o: srcs/Response/response_utils.cpp
#  Implicit rule search has been done.
#  Implicit/static pattern stem: `Response/response_utils'
#  Last modified 2023-06-05 21:54:44
#  File has been updated.
#  Successfully updated.
# variable set hash-table stats:
# Load=0/32=0%, Rehash=0, Collisions=0/0=0%
#  commands to execute (from `Makefile', line 31):
	$(CXX) $(CXXFLAGS) $(INCLUDES) -o $@ -c $<
	

# Not a target:
srcs/Request/Request.cpp:
#  Implicit rule search has been done.
#  Last modified 2023-06-04 23:09:26
#  File has been updated.
#  Successfully updated.
# variable set hash-table stats:
# Load=0/32=0%, Rehash=0, Collisions=0/0=0%

# Not a target:
srcs/Method/Method.cpp:
#  Implicit rule search has been done.
#  Last modified 2023-06-04 18:20:48
#  File has been updated.
#  Successfully updated.
# variable set hash-table stats:
# Load=0/32=0%, Rehash=0, Collisions=0/0=0%

# Not a target:
.SUFFIXES:
#  Implicit rule search has not been done.
#  Modification time never checked.
#  File has not been updated.

# Not a target:
srcs/CGI/CGI.cpp:
#  Implicit rule search has been done.
#  Last modified 2023-05-30 21:56:20
#  File has been updated.
#  Successfully updated.
# variable set hash-table stats:
# Load=0/32=0%, Rehash=0, Collisions=0/0=0%

# Not a target:
Makefile:
#  Implicit rule search has been done.
#  Last modified 2023-06-04 18:20:48
#  File has been updated.
#  Successfully updated.
# variable set hash-table stats:
# Load=0/32=0%, Rehash=0, Collisions=0/0=0%

objs/config/Server.o: srcs/config/Server.cpp
#  Implicit rule search has been done.
#  Implicit/static pattern stem: `config/Server'
#  Last modified 2023-06-05 21:54:48
#  File has been updated.
#  Successfully updated.
# variable set hash-table stats:
# Load=0/32=0%, Rehash=0, Collisions=0/0=0%
#  commands to execute (from `Makefile', line 31):
	$(CXX) $(CXXFLAGS) $(INCLUDES) -o $@ -c $<
	

objs/config/Location.o: srcs/config/Location.cpp
#  Implicit rule search has been done.
#  Implicit/static pattern stem: `config/Location'
#  Last modified 2023-06-05 21:54:46
#  File has been updated.
#  Successfully updated.
# variable set hash-table stats:
# Load=0/32=0%, Rehash=0, Collisions=0/0=0%
#  commands to execute (from `Makefile', line 31):
	$(CXX) $(CXXFLAGS) $(INCLUDES) -o $@ -c $<
	

test: all
#  Phony target (prerequisite of .PHONY).
#  Implicit rule search has not been done.
#  File does not exist.
#  File has not been updated.
#  commands to execute (from `Makefile', line 35):
	./webserv config/default.conf
	

objs/Method/GET.o: srcs/Method/GET.cpp
#  Implicit rule search has been done.
#  Implicit/static pattern stem: `Method/GET'
#  Last modified 2023-06-05 21:55:01
#  File has been updated.
#  Successfully updated.
# variable set hash-table stats:
# Load=0/32=0%, Rehash=0, Collisions=0/0=0%
#  commands to execute (from `Makefile', line 31):
	$(CXX) $(CXXFLAGS) $(INCLUDES) -o $@ -c $<
	

objs/MessageManagement/MessageManagement.o: srcs/MessageManagement/MessageManagement.cpp
#  Implicit rule search has been done.
#  Implicit/static pattern stem: `MessageManagement/MessageManagement'
#  Last modified 2023-06-05 21:54:53
#  File has been updated.
#  Successfully updated.
# variable set hash-table stats:
# Load=0/32=0%, Rehash=0, Collisions=0/0=0%
#  commands to execute (from `Makefile', line 31):
	$(CXX) $(CXXFLAGS) $(INCLUDES) -o $@ -c $<
	

objs:
#  Implicit rule search has not been done.
#  Last modified 2023-06-05 21:54:58
#  File has been updated.
#  Successfully updated.
#  commands to execute (from `Makefile', line 18):
	mkdir $(shell find $(SRCDIR) -type d | sed 's/^$(SRCDIR)/$(OBJDIR)/g')
	

objs/Request/request_utils.o: srcs/Request/request_utils.cpp
#  Implicit rule search has been done.
#  Implicit/static pattern stem: `Request/request_utils'
#  Last modified 2023-06-05 21:54:56
#  File has been updated.
#  Successfully updated.
# variable set hash-table stats:
# Load=0/32=0%, Rehash=0, Collisions=0/0=0%
#  commands to execute (from `Makefile', line 31):
	$(CXX) $(CXXFLAGS) $(INCLUDES) -o $@ -c $<
	

objs/Method/method_utils.o: srcs/Method/method_utils.cpp
#  Implicit rule search has been done.
#  Implicit/static pattern stem: `Method/method_utils'
#  Last modified 2023-06-05 21:55:02
#  File has been updated.
#  Needs to be updated (-q is set).
# automatic
# @ := objs/Method/method_utils.o
# automatic
# % := 
# automatic
# * := Method/method_utils
# automatic
# + := srcs/Method/method_utils.cpp
# automatic
# | := 
# automatic
# < := srcs/Method/method_utils.cpp
# automatic
 
# ^ := srcs/Method/method_utils.cpp
# automatic
# ? := srcs/Method/method_utils.cpp
# variable set hash-table stats:
# Load=8/32=25%, Rehash=0, Collisions=1/15=7%
#  commands to execute (from `Makefile', line 31):
	$(CXX) $(CXXFLAGS) $(INCLUDES) -o $@ -c $<
	

# Not a target:
srcs/Method/POST.cpp:
#  Implicit rule search has been done.
#  Last modified 2023-06-04 18:20:48
#  File has been updated.
#  Successfully updated.
# variable set hash-table stats:
# Load=0/32=0%, Rehash=0, Collisions=0/0=0%

fclean: clean
#  Phony target (prerequisite of .PHONY).
#  Implicit rule search has not been done.
#  File does not exist.
#  File has not been updated.
#  commands to execute (from `Makefile', line 26):
	$(RM) $(NAME)
	

objs/CGI/cgi_utils.o: srcs/CGI/cgi_utils.cpp
#  Implicit rule search has been done.
#  Implicit/static pattern stem: `CGI/cgi_utils'
#  Last modified 2023-06-05 21:54:51
#  File has been updated.
#  Successfully updated.
# variable set hash-table stats:
# Load=0/32=0%, Rehash=0, Collisions=0/0=0%
#  commands to execute (from `Makefile', line 31):
	$(CXX) $(CXXFLAGS) $(INCLUDES) -o $@ -c $<
	

# Not a target:
srcs/main.cpp:
#  Implicit rule search has been done.
#  Last modified 2023-05-25 22:04:04
#  File has been updated.
#  Successfully updated.
# variable set hash-table stats:
# Load=0/32=0%, Rehash=0, Collisions=0/0=0%

objs/MessageManagement/mm_utils.o: srcs/MessageManagement/mm_utils.cpp
#  Implicit rule search has been done.
#  Implicit/static pattern stem: `MessageManagement/mm_utils'
#  Last modified 2023-06-05 21:54:52
#  File has been updated.
#  Successfully updated.
# variable set hash-table stats:
# Load=0/32=0%, Rehash=0, Collisions=0/0=0%
#  commands to execute (from `Makefile', line 31):
	$(CXX) $(CXXFLAGS) $(INCLUDES) -o $@ -c $<
	

objs/IOMultiplexing/IOMultiplexing.o: srcs/IOMultiplexing/IOMultiplexing.cpp
#  Implicit rule search has been done.
#  Implicit/static pattern stem: `IOMultiplexing/IOMultiplexing'
#  Last modified 2023-06-05 21:54:55
#  File has been updated.
#  Successfully updated.
# variable set hash-table stats:
# Load=0/32=0%, Rehash=0, Collisions=0/0=0%
#  commands to execute (from `Makefile', line 31):
	$(CXX) $(CXXFLAGS) $(INCLUDES) -o $@ -c $<
	

# Not a target:
srcs/config/Config.cpp:
#  Implicit rule search has been done.
#  Last modified 2023-05-25 22:04:04
#  File has been updated.
#  Successfully updated.
# variable set hash-table stats:
# Load=0/32=0%, Rehash=0, Collisions=0/0=0%

# Not a target:
objs/Method/ErrorRequset.o:
#  Implicit rule search has not been done.
#  Modification time never checked.
#  File has not been updated.

objs/Response/Response.o: srcs/Response/Response.cpp
#  Implicit rule search has been done.
#  Implicit/static pattern stem: `Response/Response'
#  Last modified 2023-06-05 21:54:45
#  File has been updated.
#  Successfully updated.
# variable set hash-table stats:
# Load=0/32=0%, Rehash=0, Collisions=0/0=0%
#  commands to execute (from `Makefile', line 31):
	$(CXX) $(CXXFLAGS) $(INCLUDES) -o $@ -c $<
	

objs/IOMultiplexing/IOM_utils.o: srcs/IOMultiplexing/IOM_utils.cpp
#  Implicit rule search has been done.
#  Implicit/static pattern stem: `IOMultiplexing/IOM_utils'
#  Last modified 2023-06-05 21:54:54
#  File has been updated.
#  Successfully updated.
# variable set hash-table stats:
# Load=0/32=0%, Rehash=0, Collisions=0/0=0%
#  commands to execute (from `Makefile', line 31):
	$(CXX) $(CXXFLAGS) $(INCLUDES) -o $@ -c $<
	

# Not a target:
.DEFAULT:
#  Implicit rule search has not been done.
#  Modification time never checked.
#  File has not been updated.

# Not a target:
srcs/Response/response_utils.cpp:
#  Implicit rule search has been done.
#  Last modified 2023-06-04 18:20:48
#  File has been updated.
#  Successfully updated.
# variable set hash-table stats:
# Load=0/32=0%, Rehash=0, Collisions=0/0=0%

objs/utils/utils.o: srcs/utils/utils.cpp
#  Implicit rule search has been done.
#  Implicit/static pattern stem: `utils/utils'
#  Last modified 2023-06-05 21:54:49
#  File has been updated.
#  Successfully updated.
# variable set hash-table stats:
# Load=0/32=0%, Rehash=0, Collisions=0/0=0%
#  commands to execute (from `Makefile', line 31):
	$(CXX) $(CXXFLAGS) $(INCLUDES) -o $@ -c $<
	

re: fclean all
#  Phony target (prerequisite of .PHONY).
#  Implicit rule search has not been done.
#  File does not exist.
#  File has not been updated.

# Not a target:
srcs/Method/GET.cpp:
#  Implicit rule search has been done.
#  Last modified 2023-06-04 23:09:26
#  File has been updated.
#  Successfully updated.
# variable set hash-table stats:
# Load=0/32=0%, Rehash=0, Collisions=0/0=0%

clean:
#  Phony target (prerequisite of .PHONY).
#  Implicit rule search has not been done.
#  File does not exist.
#  File has not been updated.
#  commands to execute (from `Makefile', line 23):
	rm -rf $(OBJDIR)
	

# Not a target:
srcs/config/Server.cpp:
#  Implicit rule search has been done.
#  Last modified 2023-05-25 22:04:04
#  File has been updated.
#  Successfully updated.
# variable set hash-table stats:
# Load=0/32=0%, Rehash=0, Collisions=0/0=0%

# Not a target:
srcs/config/Location.cpp:
#  Implicit rule search has been done.
#  Last modified 2023-05-25 22:04:04
#  File has been updated.
#  Successfully updated.
# variable set hash-table stats:
# Load=0/32=0%, Rehash=0, Collisions=0/0=0%

# Not a target:
srcs/Method/DELETE.cpp:
#  Implicit rule search has been done.
#  Last modified 2023-06-05 21:19:45
#  File has been updated.
#  Successfully updated.
# variable set hash-table stats:
# Load=0/32=0%, Rehash=0, Collisions=0/0=0%

# Not a target:
srcs/MessageManagement/MessageManagement.cpp:
#  Implicit rule search has been done.
#  Last modified 2023-06-04 23:09:26
 
#  File has been updated.
#  Successfully updated.
# variable set hash-table stats:
# Load=0/32=0%, Rehash=0, Collisions=0/0=0%

objs/Request/Request.o: srcs/Request/Request.cpp
#  Implicit rule search has been done.
#  Implicit/static pattern stem: `Request/Request'
#  Last modified 2023-06-05 21:54:57
#  File has been updated.
#  Successfully updated.
# variable set hash-table stats:
# Load=0/32=0%, Rehash=0, Collisions=0/0=0%
#  commands to execute (from `Makefile', line 31):
	$(CXX) $(CXXFLAGS) $(INCLUDES) -o $@ -c $<
	

objs/Method/Method.o: srcs/Method/Method.cpp
#  Implicit rule search has been done.
#  Implicit/static pattern stem: `Method/Method'
#  Last modified 2023-06-05 21:55:00
#  File has been updated.
#  Successfully updated.
# variable set hash-table stats:
# Load=0/32=0%, Rehash=0, Collisions=0/0=0%
#  commands to execute (from `Makefile', line 31):
	$(CXX) $(CXXFLAGS) $(INCLUDES) -o $@ -c $<
	

objs/CGI/CGI.o: srcs/CGI/CGI.cpp
#  Implicit rule search has been done.
#  Implicit/static pattern stem: `CGI/CGI'
#  Last modified 2023-06-05 21:54:50
#  File has been updated.
#  Successfully updated.
# variable set hash-table stats:
# Load=0/32=0%, Rehash=0, Collisions=0/0=0%
#  commands to execute (from `Makefile', line 31):
	$(CXX) $(CXXFLAGS) $(INCLUDES) -o $@ -c $<
	

# Not a target:
srcs/Request/request_utils.cpp:
#  Implicit rule search has been done.
#  Last modified 2023-05-30 21:56:20
#  File has been updated.
#  Successfully updated.
# variable set hash-table stats:
# Load=0/32=0%, Rehash=0, Collisions=0/0=0%

# Not a target:
srcs/Method/method_utils.cpp:
#  Implicit rule search has been done.
#  Last modified 2023-06-05 23:29:33
#  File has been updated.
#  Successfully updated.
# variable set hash-table stats:
# Load=0/32=0%, Rehash=0, Collisions=0/0=0%

# Not a target:
srcs/CGI/cgi_utils.cpp:
#  Implicit rule search has been done.
#  Last modified 2023-05-30 21:56:20
#  File has been updated.
#  Successfully updated.
# variable set hash-table stats:
# Load=0/32=0%, Rehash=0, Collisions=0/0=0%

# Not a target:
srcs/MessageManagement/mm_utils.cpp:
#  Implicit rule search has been done.
#  Last modified 2023-06-04 18:20:48
#  File has been updated.
#  Successfully updated.
# variable set hash-table stats:
# Load=0/32=0%, Rehash=0, Collisions=0/0=0%

# Not a target:
srcs/IOMultiplexing/IOMultiplexing.cpp:
#  Implicit rule search has been done.
#  Last modified 2023-06-04 23:09:26
#  File has been updated.
#  Successfully updated.
# variable set hash-table stats:
# Load=0/32=0%, Rehash=0, Collisions=0/0=0%

cgi: all
#  Phony target (prerequisite of .PHONY).
#  Implicit rule search has not been done.
#  File does not exist.
#  File has not been updated.
#  commands to execute (from `Makefile', line 38):
	./webserv config/cgi.conf
	

# Not a target:
srcs/Response/Response.cpp:
#  Implicit rule search has been done.
#  Last modified 2023-06-04 18:20:48
#  File has been updated.
#  Successfully updated.
# variable set hash-table stats:
# Load=0/32=0%, Rehash=0, Collisions=0/0=0%

# files hash-table stats:
# Load=53/1024=5%, Rehash=0, Collisions=7/160=4%
# VPATH Search Paths

# No `vpath' search paths.

# No general (`VPATH' variable) search path.

# # of strings in strcache: 1
# # of strcache buffers: 1
# strcache size: total = 4096 / max = 4096 / min = 4096 / avg = 4096
# strcache free: total = 4087 / max = 4087 / min = 4087 / avg = 4087

# Finished Make data base on Tue Jun  6 20:59:26 2023

 
